#
# There is insufficient memory for the Java Runtime Environment to continue.
# Native memory allocation (malloc) failed to allocate 2097152 bytes. Error detail: AllocateHeap
# Possible reasons:
#   The system is out of physical RAM or swap space
#   This process is running with CompressedOops enabled, and the Java Heap may be blocking the growth of the native heap
# Possible solutions:
#   Reduce memory load on the system
#   Increase physical memory or swap space
#   Check if swap backing store is full
#   Decrease Java heap size (-Xmx/-Xms)
#   Decrease number of Java threads
#   Decrease Java thread stack sizes (-Xss)
#   Set larger code cache with -XX:ReservedCodeCacheSize=
#   JVM is running with Unscaled Compressed Oops mode in which the Java heap is
#     placed in the first 4GB address space. The Java Heap base address is the
#     maximum limit for the native heap growth. Please use -XX:HeapBaseMinAddress
#     to set the Java Heap base and to place the Java Heap above 4GB virtual address.
# This output file may be truncated or incomplete.
#
#  Out of Memory Error (allocation.cpp:44), pid=32344, tid=15492
#
# JRE version: OpenJDK Runtime Environment Temurin-17.0.12+7 (17.0.12+7) (build 17.0.12+7)
# Java VM: OpenJDK 64-Bit Server VM Temurin-17.0.12+7 (17.0.12+7, mixed mode, emulated-client, tiered, compressed oops, compressed class ptrs, g1 gc, windows-amd64)
# No core dump will be written. Minidumps are not enabled by default on client versions of Windows
#

---------------  S U M M A R Y ------------

Command Line: -Xmx1024m -Dsts.lsp.client=vscode -Dsts.log.file=/dev/null -XX:TieredStopAtLevel=1 -Xlog:jni+resolve=off -Dspring.config.location=file:c:\Users\martin\.vscode\extensions\vmware.vscode-spring-boot-1.56.0\language-server\BOOT-INF\classes\application.properties org.springframework.ide.vscode.boot.app.BootLanguageServerBootApp

Host: 11th Gen Intel(R) Core(TM) i5-1135G7 @ 2.40GHz, 8 cores, 7G,  Windows 11 , 64 bit Build 22621 (10.0.22621.3958)
Time: Wed Sep 11 23:44:31 2024 Hora verano Sudamérica Pacífico elapsed time: 90256.369134 seconds (1d 1h 4m 16s)

---------------  T H R E A D  ---------------

Current thread (0x000002056fba53d0):  VMThread "VM Thread" [stack: 0x0000002337900000,0x0000002337a00000] [id=15492]

Stack: [0x0000002337900000,0x0000002337a00000]
Native frames: (J=compiled Java code, j=interpreted, Vv=VM code, C=native code)
V  [jvm.dll+0x67f929]
V  [jvm.dll+0x8371ba]
V  [jvm.dll+0x838c7e]
V  [jvm.dll+0x8392e3]
V  [jvm.dll+0x24834f]
V  [jvm.dll+0xa70d3]
V  [jvm.dll+0x2f9101]
V  [jvm.dll+0x2f4d00]
V  [jvm.dll+0x2dd82f]
V  [jvm.dll+0x3201f7]
V  [jvm.dll+0x83d7dd]
V  [jvm.dll+0x83e522]
V  [jvm.dll+0x83ea4f]
V  [jvm.dll+0x83ee34]
V  [jvm.dll+0x83ef00]
V  [jvm.dll+0x7e65dc]
V  [jvm.dll+0x67e7f7]
C  [ucrtbase.dll+0x29333]
C  [KERNEL32.DLL+0x1257d]
C  [ntdll.dll+0x5af28]

VM_Operation (0x00000023390fe9a0): G1CollectFull, mode: safepoint, requested by thread 0x0000020575a1b1e0


---------------  P R O C E S S  ---------------

Threads class SMR info:
_java_thread_list=0x000002057684f210, length=28, elements={
0x000002056fba9c70, 0x000002056fbab560, 0x000002057404d370, 0x000002057404d850,
0x000002057404dd30, 0x000002057404e210, 0x000002057405e0b0, 0x00000205740685f0,
0x0000020574269fb0, 0x0000020574270a60, 0x0000020575ac10e0, 0x0000020575a1b1e0,
0x000002057410c030, 0x0000020564fc6df0, 0x0000020574b00920, 0x0000020575008530,
0x0000020575011f40, 0x0000020575029d50, 0x00000205750274d0, 0x0000020575029330,
0x000002057502a260, 0x000002057502a770, 0x00000205750279e0, 0x0000020575027ef0,
0x0000020575028400, 0x00000205766091a0, 0x0000020576607850, 0x000002057660ba20
}

Java Threads: ( => current thread )
  0x000002056fba9c70 JavaThread "Reference Handler" daemon [_thread_blocked, id=1200, stack(0x0000002337a00000,0x0000002337b00000)]
  0x000002056fbab560 JavaThread "Finalizer" daemon [_thread_blocked, id=24996, stack(0x0000002337b00000,0x0000002337c00000)]
  0x000002057404d370 JavaThread "Signal Dispatcher" daemon [_thread_blocked, id=1580, stack(0x0000002337c00000,0x0000002337d00000)]
  0x000002057404d850 JavaThread "Attach Listener" daemon [_thread_blocked, id=19716, stack(0x0000002337d00000,0x0000002337e00000)]
  0x000002057404dd30 JavaThread "Service Thread" daemon [_thread_blocked, id=19864, stack(0x0000002337e00000,0x0000002337f00000)]
  0x000002057404e210 JavaThread "Monitor Deflation Thread" daemon [_thread_blocked, id=33732, stack(0x0000002337f00000,0x0000002338000000)]
  0x000002057405e0b0 JavaThread "C1 CompilerThread0" daemon [_thread_blocked, id=25048, stack(0x0000002338000000,0x0000002338100000)]
  0x00000205740685f0 JavaThread "Sweeper thread" daemon [_thread_blocked, id=37032, stack(0x0000002338100000,0x0000002338200000)]
  0x0000020574269fb0 JavaThread "Notification Thread" daemon [_thread_blocked, id=36556, stack(0x0000002338300000,0x0000002338400000)]
  0x0000020574270a60 JavaThread "Common-Cleaner" daemon [_thread_blocked, id=1696, stack(0x0000002338500000,0x0000002338600000)]
  0x0000020575ac10e0 JavaThread "boundedElastic-evictor-1" daemon [_thread_blocked, id=13576, stack(0x0000002338c00000,0x0000002338d00000)]
  0x0000020575a1b1e0 JavaThread "pool-13-thread-1" [_thread_blocked, id=14172, stack(0x0000002339000000,0x0000002339100000)]
  0x000002057410c030 JavaThread "LanguageServerApp-lifecycle" [_thread_blocked, id=15264, stack(0x0000002339100000,0x0000002339200000)]
  0x0000020564fc6df0 JavaThread "DestroyJavaVM" [_thread_blocked, id=26872, stack(0x0000002337300000,0x0000002337400000)]
  0x0000020574b00920 JavaThread "pool-14-thread-1" [_thread_in_native, id=37404, stack(0x0000002339200000,0x0000002339300000)]
  0x0000020575008530 JavaThread "Simple-Language-Server main thread" daemon [_thread_blocked, id=23468, stack(0x0000002339300000,0x0000002339400000)]
  0x0000020575011f40 JavaThread "parallel-1" daemon [_thread_blocked, id=7496, stack(0x0000002339400000,0x0000002339500000)]
  0x0000020575029d50 JavaThread "pool-6-thread-1" [_thread_blocked, id=8636, stack(0x0000002339500000,0x0000002339600000)]
  0x00000205750274d0 JavaThread "parallel-2" daemon [_thread_blocked, id=33760, stack(0x0000002339600000,0x0000002339700000)]
  0x0000020575029330 JavaThread "parallel-3" daemon [_thread_blocked, id=32896, stack(0x0000002339700000,0x0000002339800000)]
  0x000002057502a260 JavaThread "parallel-4" daemon [_thread_blocked, id=27700, stack(0x0000002339b00000,0x0000002339c00000)]
  0x000002057502a770 JavaThread "parallel-5" daemon [_thread_blocked, id=1944, stack(0x0000002339c00000,0x0000002339d00000)]
  0x00000205750279e0 JavaThread "parallel-6" daemon [_thread_blocked, id=9212, stack(0x0000002339d00000,0x0000002339e00000)]
  0x0000020575027ef0 JavaThread "parallel-7" daemon [_thread_blocked, id=16096, stack(0x0000002339e00000,0x0000002339f00000)]
  0x0000020575028400 JavaThread "parallel-8" daemon [_thread_blocked, id=20396, stack(0x0000002339f00000,0x000000233a000000)]
  0x00000205766091a0 JavaThread "Reconciler-1" daemon [_thread_blocked, id=7624, stack(0x000000233a100000,0x000000233a200000)]
  0x0000020576607850 JavaThread "pool-8-thread-1" [_thread_blocked, id=9284, stack(0x0000002337200000,0x0000002337300000)]
  0x000002057660ba20 JavaThread "CompletableFutureDelayScheduler" daemon [_thread_blocked, id=30460, stack(0x000000233a300000,0x000000233a400000)]

Other Threads:
=>0x000002056fba53d0 VMThread "VM Thread" [stack: 0x0000002337900000,0x0000002337a00000] [id=15492]
  0x000002057426b4a0 WatcherThread [stack: 0x0000002338400000,0x0000002338500000] [id=10676]
  0x0000020565003ae0 GCTaskThread "GC Thread#0" [stack: 0x0000002337400000,0x0000002337500000] [id=32096]
  0x000002057421bf40 GCTaskThread "GC Thread#1" [stack: 0x0000002338600000,0x0000002338700000] [id=30852]
  0x000002057421c200 GCTaskThread "GC Thread#2" [stack: 0x0000002338700000,0x0000002338800000] [id=31048]
  0x0000020574e15ce0 GCTaskThread "GC Thread#3" [stack: 0x0000002338800000,0x0000002338900000] [id=23368]
  0x0000020574164930 GCTaskThread "GC Thread#4" [stack: 0x0000002338900000,0x0000002338a00000] [id=316]
  0x000002057414c960 GCTaskThread "GC Thread#5" [stack: 0x0000002338a00000,0x0000002338b00000] [id=33772]
  0x00000205751ec9d0 GCTaskThread "GC Thread#6" [stack: 0x0000002338d00000,0x0000002338e00000] [id=17168]
  0x000002057530fca0 GCTaskThread "GC Thread#7" [stack: 0x0000002338e00000,0x0000002338f00000] [id=24584]
  0x000002056500c940 ConcurrentGCThread "G1 Main Marker" [stack: 0x0000002337500000,0x0000002337600000] [id=37752]
  0x0000020565010040 ConcurrentGCThread "G1 Conc#0" [stack: 0x0000002337600000,0x0000002337700000] [id=27532]
  0x0000020575313bb0 ConcurrentGCThread "G1 Conc#1" [stack: 0x0000002338f00000,0x0000002339000000] [id=22996]
  0x000002056505d890 ConcurrentGCThread "G1 Refine#0" [stack: 0x0000002337700000,0x0000002337800000] [id=14720]
  0x000002056505db80 ConcurrentGCThread "G1 Service" [stack: 0x0000002337800000,0x0000002337900000] [id=17568]

Threads with active compile tasks:

VM state: at safepoint (normal execution)

VM Mutex/Monitor currently owned by a thread:  ([mutex/lock_event])
[0x0000020562ccfce0] Threads_lock - owner thread: 0x000002056fba53d0
[0x0000020562ccdf70] Heap_lock - owner thread: 0x0000020575a1b1e0

Heap address: 0x00000000c0000000, size: 1024 MB, Compressed Oops mode: 32-bit

CDS archive(s) not mapped
Compressed class space mapped at: 0x0000000100000000-0x0000000140000000, reserved size: 1073741824
Narrow klass base: 0x0000000000000000, Narrow klass shift: 3, Narrow klass range: 0x140000000

GC Precious Log:
 CPUs: 8 total, 8 available
 Memory: 7987M
 Large Page Support: Disabled
 NUMA Support: Disabled
 Compressed Oops: Enabled (32-bit)
 Heap Region Size: 1M
 Heap Min Capacity: 8M
 Heap Initial Capacity: 126M
 Heap Max Capacity: 1G
 Pre-touch: Disabled
 Parallel Workers: 8
 Concurrent Workers: 2
 Concurrent Refinement Workers: 8
 Periodic GC: Disabled

Heap:
 garbage-first heap   total 130048K, used 45666K [0x00000000c0000000, 0x0000000100000000)
  region size 1024K, 1 young (1024K), 0 survivors (0K)
 Metaspace       used 64170K, committed 64640K, reserved 1114112K
  class space    used 7927K, committed 8128K, reserved 1048576K

Heap Regions: E=young(eden), S=young(survivor), O=old, HS=humongous(starts), HC=humongous(continues), CS=collection set, F=free, OA=open archive, CA=closed archive, TAMS=top-at-mark-start (previous, next)
|   0|0x00000000c0000000, 0x00000000c0100000, 0x00000000c0100000|100%|HS|  |TAMS 0x00000000c0100000, 0x00000000c0000000| Untracked 
|   1|0x00000000c0100000, 0x00000000c0200000, 0x00000000c0200000|100%|HC|  |TAMS 0x00000000c0200000, 0x00000000c0100000| Untracked 
|   2|0x00000000c0200000, 0x00000000c0300000, 0x00000000c0300000|100%|HC|  |TAMS 0x00000000c0300000, 0x00000000c0200000| Untracked 
|   3|0x00000000c0300000, 0x00000000c0400000, 0x00000000c0400000|100%|HC|  |TAMS 0x00000000c0400000, 0x00000000c0300000| Untracked 
|   4|0x00000000c0400000, 0x00000000c0500000, 0x00000000c0500000|100%|HS|  |TAMS 0x00000000c0500000, 0x00000000c0400000| Untracked 
|   5|0x00000000c0500000, 0x00000000c0600000, 0x00000000c0600000|100%|HC|  |TAMS 0x00000000c0600000, 0x00000000c0500000| Untracked 
|   6|0x00000000c0600000, 0x00000000c0700000, 0x00000000c0700000|100%| O|  |TAMS 0x00000000c0700000, 0x00000000c0600000| Untracked 
|   7|0x00000000c0700000, 0x00000000c0800000, 0x00000000c0800000|100%| O|  |TAMS 0x00000000c0800000, 0x00000000c0700000| Untracked 
|   8|0x00000000c0800000, 0x00000000c0900000, 0x00000000c0900000|100%| O|  |TAMS 0x00000000c0900000, 0x00000000c0800000| Untracked 
|   9|0x00000000c0900000, 0x00000000c09ffa18, 0x00000000c0a00000| 99%| O|  |TAMS 0x00000000c09ffa18, 0x00000000c0900000| Untracked 
|  10|0x00000000c0a00000, 0x00000000c0afffc0, 0x00000000c0b00000| 99%| O|  |TAMS 0x00000000c0afffc0, 0x00000000c0a00000| Untracked 
|  11|0x00000000c0b00000, 0x00000000c0c00000, 0x00000000c0c00000|100%| O|  |TAMS 0x00000000c0c00000, 0x00000000c0b00000| Untracked 
|  12|0x00000000c0c00000, 0x00000000c0cffff8, 0x00000000c0d00000| 99%| O|  |TAMS 0x00000000c0cffff8, 0x00000000c0c00000| Untracked 
|  13|0x00000000c0d00000, 0x00000000c0e00000, 0x00000000c0e00000|100%| O|  |TAMS 0x00000000c0e00000, 0x00000000c0d00000| Untracked 
|  14|0x00000000c0e00000, 0x00000000c0f00000, 0x00000000c0f00000|100%| O|  |TAMS 0x00000000c0f00000, 0x00000000c0e00000| Untracked 
|  15|0x00000000c0f00000, 0x00000000c0fffff8, 0x00000000c1000000| 99%| O|  |TAMS 0x00000000c0fffff8, 0x00000000c0f00000| Untracked 
|  16|0x00000000c1000000, 0x00000000c10fffd0, 0x00000000c1100000| 99%| O|  |TAMS 0x00000000c10fffd0, 0x00000000c1000000| Untracked 
|  17|0x00000000c1100000, 0x00000000c11ffff0, 0x00000000c1200000| 99%| O|  |TAMS 0x00000000c11ffff0, 0x00000000c1100000| Untracked 
|  18|0x00000000c1200000, 0x00000000c12fffb8, 0x00000000c1300000| 99%| O|  |TAMS 0x00000000c12fffb8, 0x00000000c1200000| Untracked 
|  19|0x00000000c1300000, 0x00000000c13fffa0, 0x00000000c1400000| 99%| O|  |TAMS 0x00000000c13fffa0, 0x00000000c1300000| Untracked 
|  20|0x00000000c1400000, 0x00000000c14f5c50, 0x00000000c1500000| 96%| O|  |TAMS 0x00000000c14f5c50, 0x00000000c1400000| Untracked 
|  21|0x00000000c1500000, 0x00000000c15ffff8, 0x00000000c1600000| 99%| O|  |TAMS 0x00000000c15ffff8, 0x00000000c1500000| Untracked 
|  22|0x00000000c1600000, 0x00000000c16ffff8, 0x00000000c1700000| 99%| O|  |TAMS 0x00000000c16ffff8, 0x00000000c1600000| Untracked 
|  23|0x00000000c1700000, 0x00000000c17fffd8, 0x00000000c1800000| 99%| O|  |TAMS 0x00000000c17fffd8, 0x00000000c1700000| Untracked 
|  24|0x00000000c1800000, 0x00000000c18fffc0, 0x00000000c1900000| 99%| O|  |TAMS 0x00000000c18fffc0, 0x00000000c1800000| Untracked 
|  25|0x00000000c1900000, 0x00000000c19fffe8, 0x00000000c1a00000| 99%| O|  |TAMS 0x00000000c19fffe8, 0x00000000c1900000| Untracked 
|  26|0x00000000c1a00000, 0x00000000c1afffe0, 0x00000000c1b00000| 99%| O|  |TAMS 0x00000000c1afffe0, 0x00000000c1a00000| Untracked 
|  27|0x00000000c1b00000, 0x00000000c1bfffe8, 0x00000000c1c00000| 99%| O|  |TAMS 0x00000000c1bfffe8, 0x00000000c1b00000| Untracked 
|  28|0x00000000c1c00000, 0x00000000c1cfffe8, 0x00000000c1d00000| 99%| O|  |TAMS 0x00000000c1cfffe8, 0x00000000c1c00000| Untracked 
|  29|0x00000000c1d00000, 0x00000000c1dffff8, 0x00000000c1e00000| 99%| O|  |TAMS 0x00000000c1dffff8, 0x00000000c1d00000| Untracked 
|  30|0x00000000c1e00000, 0x00000000c1efffd0, 0x00000000c1f00000| 99%| O|  |TAMS 0x00000000c1efffd0, 0x00000000c1e00000| Untracked 
|  31|0x00000000c1f00000, 0x00000000c1fffff8, 0x00000000c2000000| 99%| O|  |TAMS 0x00000000c1fffff8, 0x00000000c1f00000| Untracked 
|  32|0x00000000c2000000, 0x00000000c20fffd8, 0x00000000c2100000| 99%| O|  |TAMS 0x00000000c20fffd8, 0x00000000c2000000| Untracked 
|  33|0x00000000c2100000, 0x00000000c21fe740, 0x00000000c2200000| 99%| O|  |TAMS 0x00000000c21fe740, 0x00000000c2100000| Untracked 
|  34|0x00000000c2200000, 0x00000000c22ffff8, 0x00000000c2300000| 99%| O|  |TAMS 0x00000000c22ffff8, 0x00000000c2200000| Untracked 
|  35|0x00000000c2300000, 0x00000000c23ffff8, 0x00000000c2400000| 99%| O|  |TAMS 0x00000000c23ffff8, 0x00000000c2300000| Untracked 
|  36|0x00000000c2400000, 0x00000000c24fffb0, 0x00000000c2500000| 99%| O|  |TAMS 0x00000000c24fffb0, 0x00000000c2400000| Untracked 
|  37|0x00000000c2500000, 0x00000000c25fffe8, 0x00000000c2600000| 99%| O|  |TAMS 0x00000000c25fffe8, 0x00000000c2500000| Untracked 
|  38|0x00000000c2600000, 0x00000000c26fbe80, 0x00000000c2700000| 98%| O|  |TAMS 0x00000000c26fbe80, 0x00000000c2600000| Untracked 
|  39|0x00000000c2700000, 0x00000000c27fc400, 0x00000000c2800000| 98%| O|  |TAMS 0x00000000c27fc400, 0x00000000c2700000| Untracked 
|  40|0x00000000c2800000, 0x00000000c28f5810, 0x00000000c2900000| 95%| O|  |TAMS 0x00000000c28f5810, 0x00000000c2800000| Untracked 
|  41|0x00000000c2900000, 0x00000000c2a00000, 0x00000000c2a00000|100%| O|  |TAMS 0x00000000c2a00000, 0x00000000c2900000| Untracked 
|  42|0x00000000c2a00000, 0x00000000c2aaec08, 0x00000000c2b00000| 68%| O|  |TAMS 0x00000000c2a00000, 0x00000000c2a00000| Untracked 
|  43|0x00000000c2b00000, 0x00000000c2b08960, 0x00000000c2c00000|  3%| O|  |TAMS 0x00000000c2b00000, 0x00000000c2b00000| Untracked 
|  44|0x00000000c2c00000, 0x00000000c2d00000, 0x00000000c2d00000|100%|HS|  |TAMS 0x00000000c2d00000, 0x00000000c2c00000| Untracked 
|  45|0x00000000c2d00000, 0x00000000c2d00000, 0x00000000c2e00000|  0%| F|  |TAMS 0x00000000c2d00000, 0x00000000c2d00000| Untracked 
|  46|0x00000000c2e00000, 0x00000000c2f00000, 0x00000000c2f00000|100%| O|  |TAMS 0x00000000c2f00000, 0x00000000c2e00000| Untracked 
|  47|0x00000000c2f00000, 0x00000000c2f00000, 0x00000000c3000000|  0%| F|  |TAMS 0x00000000c2f00000, 0x00000000c2f00000| Untracked 
|  48|0x00000000c3000000, 0x00000000c3000000, 0x00000000c3100000|  0%| F|  |TAMS 0x00000000c3000000, 0x00000000c3000000| Untracked 
|  49|0x00000000c3100000, 0x00000000c3100000, 0x00000000c3200000|  0%| F|  |TAMS 0x00000000c3100000, 0x00000000c3100000| Untracked 
|  50|0x00000000c3200000, 0x00000000c3200000, 0x00000000c3300000|  0%| F|  |TAMS 0x00000000c3200000, 0x00000000c3200000| Untracked 
|  51|0x00000000c3300000, 0x00000000c3300000, 0x00000000c3400000|  0%| F|  |TAMS 0x00000000c3300000, 0x00000000c3300000| Untracked 
|  52|0x00000000c3400000, 0x00000000c3400000, 0x00000000c3500000|  0%| F|  |TAMS 0x00000000c3400000, 0x00000000c3400000| Untracked 
|  53|0x00000000c3500000, 0x00000000c3500000, 0x00000000c3600000|  0%| F|  |TAMS 0x00000000c3500000, 0x00000000c3500000| Untracked 
|  54|0x00000000c3600000, 0x00000000c3600000, 0x00000000c3700000|  0%| F|  |TAMS 0x00000000c3600000, 0x00000000c3600000| Untracked 
|  55|0x00000000c3700000, 0x00000000c3700000, 0x00000000c3800000|  0%| F|  |TAMS 0x00000000c3700000, 0x00000000c3700000| Untracked 
|  56|0x00000000c3800000, 0x00000000c3800000, 0x00000000c3900000|  0%| F|  |TAMS 0x00000000c3800000, 0x00000000c3800000| Untracked 
|  57|0x00000000c3900000, 0x00000000c3900000, 0x00000000c3a00000|  0%| F|  |TAMS 0x00000000c3900000, 0x00000000c3900000| Untracked 
|  58|0x00000000c3a00000, 0x00000000c3a00000, 0x00000000c3b00000|  0%| F|  |TAMS 0x00000000c3a00000, 0x00000000c3a00000| Untracked 
|  59|0x00000000c3b00000, 0x00000000c3b00000, 0x00000000c3c00000|  0%| F|  |TAMS 0x00000000c3b00000, 0x00000000c3b00000| Untracked 
|  60|0x00000000c3c00000, 0x00000000c3c00000, 0x00000000c3d00000|  0%| F|  |TAMS 0x00000000c3c00000, 0x00000000c3c00000| Untracked 
|  61|0x00000000c3d00000, 0x00000000c3d00000, 0x00000000c3e00000|  0%| F|  |TAMS 0x00000000c3d00000, 0x00000000c3d00000| Untracked 
|  62|0x00000000c3e00000, 0x00000000c3e00000, 0x00000000c3f00000|  0%| F|  |TAMS 0x00000000c3e00000, 0x00000000c3e00000| Untracked 
|  63|0x00000000c3f00000, 0x00000000c3f00000, 0x00000000c4000000|  0%| F|  |TAMS 0x00000000c3f00000, 0x00000000c3f00000| Untracked 
|  64|0x00000000c4000000, 0x00000000c4000000, 0x00000000c4100000|  0%| F|  |TAMS 0x00000000c4000000, 0x00000000c4000000| Untracked 
|  65|0x00000000c4100000, 0x00000000c4100000, 0x00000000c4200000|  0%| F|  |TAMS 0x00000000c4100000, 0x00000000c4100000| Untracked 
|  66|0x00000000c4200000, 0x00000000c4200000, 0x00000000c4300000|  0%| F|  |TAMS 0x00000000c4200000, 0x00000000c4200000| Untracked 
|  67|0x00000000c4300000, 0x00000000c4300000, 0x00000000c4400000|  0%| F|  |TAMS 0x00000000c4300000, 0x00000000c4300000| Untracked 
|  68|0x00000000c4400000, 0x00000000c4400000, 0x00000000c4500000|  0%| F|  |TAMS 0x00000000c4400000, 0x00000000c4400000| Untracked 
|  69|0x00000000c4500000, 0x00000000c4500000, 0x00000000c4600000|  0%| F|  |TAMS 0x00000000c4500000, 0x00000000c4500000| Untracked 
|  70|0x00000000c4600000, 0x00000000c4600000, 0x00000000c4700000|  0%| F|  |TAMS 0x00000000c4600000, 0x00000000c4600000| Untracked 
|  71|0x00000000c4700000, 0x00000000c4700000, 0x00000000c4800000|  0%| F|  |TAMS 0x00000000c4700000, 0x00000000c4700000| Untracked 
|  72|0x00000000c4800000, 0x00000000c4800000, 0x00000000c4900000|  0%| F|  |TAMS 0x00000000c4800000, 0x00000000c4800000| Untracked 
|  73|0x00000000c4900000, 0x00000000c4900000, 0x00000000c4a00000|  0%| F|  |TAMS 0x00000000c4900000, 0x00000000c4900000| Untracked 
|  74|0x00000000c4a00000, 0x00000000c4a00000, 0x00000000c4b00000|  0%| F|  |TAMS 0x00000000c4a00000, 0x00000000c4a00000| Untracked 
|  75|0x00000000c4b00000, 0x00000000c4b00000, 0x00000000c4c00000|  0%| F|  |TAMS 0x00000000c4b00000, 0x00000000c4b00000| Untracked 
|  76|0x00000000c4c00000, 0x00000000c4c00000, 0x00000000c4d00000|  0%| F|  |TAMS 0x00000000c4c00000, 0x00000000c4c00000| Untracked 
|  77|0x00000000c4d00000, 0x00000000c4d00000, 0x00000000c4e00000|  0%| F|  |TAMS 0x00000000c4d00000, 0x00000000c4d00000| Untracked 
|  78|0x00000000c4e00000, 0x00000000c4e00000, 0x00000000c4f00000|  0%| F|  |TAMS 0x00000000c4e00000, 0x00000000c4e00000| Untracked 
|  79|0x00000000c4f00000, 0x00000000c4f00000, 0x00000000c5000000|  0%| F|  |TAMS 0x00000000c4f00000, 0x00000000c4f00000| Untracked 
|  80|0x00000000c5000000, 0x00000000c5000000, 0x00000000c5100000|  0%| F|  |TAMS 0x00000000c5000000, 0x00000000c5000000| Untracked 
|  81|0x00000000c5100000, 0x00000000c5100000, 0x00000000c5200000|  0%| F|  |TAMS 0x00000000c5100000, 0x00000000c5100000| Untracked 
|  82|0x00000000c5200000, 0x00000000c5200000, 0x00000000c5300000|  0%| F|  |TAMS 0x00000000c5200000, 0x00000000c5200000| Untracked 
|  83|0x00000000c5300000, 0x00000000c5300000, 0x00000000c5400000|  0%| F|  |TAMS 0x00000000c5300000, 0x00000000c5300000| Untracked 
|  84|0x00000000c5400000, 0x00000000c5400000, 0x00000000c5500000|  0%| F|  |TAMS 0x00000000c5400000, 0x00000000c5400000| Untracked 
|  85|0x00000000c5500000, 0x00000000c5500000, 0x00000000c5600000|  0%| F|  |TAMS 0x00000000c5500000, 0x00000000c5500000| Untracked 
|  86|0x00000000c5600000, 0x00000000c5600000, 0x00000000c5700000|  0%| F|  |TAMS 0x00000000c5600000, 0x00000000c5600000| Untracked 
|  87|0x00000000c5700000, 0x00000000c5700000, 0x00000000c5800000|  0%| F|  |TAMS 0x00000000c5700000, 0x00000000c5700000| Untracked 
|  88|0x00000000c5800000, 0x00000000c5800000, 0x00000000c5900000|  0%| F|  |TAMS 0x00000000c5800000, 0x00000000c5800000| Untracked 
|  89|0x00000000c5900000, 0x00000000c5900000, 0x00000000c5a00000|  0%| F|  |TAMS 0x00000000c5900000, 0x00000000c5900000| Untracked 
|  90|0x00000000c5a00000, 0x00000000c5a00000, 0x00000000c5b00000|  0%| F|  |TAMS 0x00000000c5a00000, 0x00000000c5a00000| Untracked 
|  91|0x00000000c5b00000, 0x00000000c5b00000, 0x00000000c5c00000|  0%| F|  |TAMS 0x00000000c5b00000, 0x00000000c5b00000| Untracked 
|  92|0x00000000c5c00000, 0x00000000c5c00000, 0x00000000c5d00000|  0%| F|  |TAMS 0x00000000c5c00000, 0x00000000c5c00000| Untracked 
|  93|0x00000000c5d00000, 0x00000000c5d00000, 0x00000000c5e00000|  0%| F|  |TAMS 0x00000000c5d00000, 0x00000000c5d00000| Untracked 
|  94|0x00000000c5e00000, 0x00000000c5e00000, 0x00000000c5f00000|  0%| F|  |TAMS 0x00000000c5e00000, 0x00000000c5e00000| Untracked 
|  95|0x00000000c5f00000, 0x00000000c5f00000, 0x00000000c6000000|  0%| F|  |TAMS 0x00000000c5f00000, 0x00000000c5f00000| Untracked 
|  96|0x00000000c6000000, 0x00000000c6000000, 0x00000000c6100000|  0%| F|  |TAMS 0x00000000c6000000, 0x00000000c6000000| Untracked 
|  97|0x00000000c6100000, 0x00000000c6100000, 0x00000000c6200000|  0%| F|  |TAMS 0x00000000c6100000, 0x00000000c6100000| Untracked 
|  98|0x00000000c6200000, 0x00000000c6200000, 0x00000000c6300000|  0%| F|  |TAMS 0x00000000c6200000, 0x00000000c6200000| Untracked 
|  99|0x00000000c6300000, 0x00000000c6300000, 0x00000000c6400000|  0%| F|  |TAMS 0x00000000c6300000, 0x00000000c6300000| Untracked 
| 100|0x00000000c6400000, 0x00000000c6400000, 0x00000000c6500000|  0%| F|  |TAMS 0x00000000c6400000, 0x00000000c6400000| Untracked 
| 101|0x00000000c6500000, 0x00000000c6500000, 0x00000000c6600000|  0%| F|  |TAMS 0x00000000c6500000, 0x00000000c6500000| Untracked 
| 102|0x00000000c6600000, 0x00000000c6600000, 0x00000000c6700000|  0%| F|  |TAMS 0x00000000c6600000, 0x00000000c6600000| Untracked 
| 103|0x00000000c6700000, 0x00000000c6700000, 0x00000000c6800000|  0%| F|  |TAMS 0x00000000c6700000, 0x00000000c6700000| Untracked 
| 104|0x00000000c6800000, 0x00000000c6800000, 0x00000000c6900000|  0%| F|  |TAMS 0x00000000c6800000, 0x00000000c6800000| Untracked 
| 105|0x00000000c6900000, 0x00000000c6900000, 0x00000000c6a00000|  0%| F|  |TAMS 0x00000000c6900000, 0x00000000c6900000| Untracked 
| 106|0x00000000c6a00000, 0x00000000c6a00000, 0x00000000c6b00000|  0%| F|  |TAMS 0x00000000c6a00000, 0x00000000c6a00000| Untracked 
| 107|0x00000000c6b00000, 0x00000000c6b00000, 0x00000000c6c00000|  0%| F|  |TAMS 0x00000000c6b00000, 0x00000000c6b00000| Untracked 
| 108|0x00000000c6c00000, 0x00000000c6c00000, 0x00000000c6d00000|  0%| F|  |TAMS 0x00000000c6c00000, 0x00000000c6c00000| Untracked 
| 109|0x00000000c6d00000, 0x00000000c6d00000, 0x00000000c6e00000|  0%| F|  |TAMS 0x00000000c6d00000, 0x00000000c6d00000| Untracked 
| 110|0x00000000c6e00000, 0x00000000c6e00000, 0x00000000c6f00000|  0%| F|  |TAMS 0x00000000c6e00000, 0x00000000c6e00000| Untracked 
| 111|0x00000000c6f00000, 0x00000000c6f00000, 0x00000000c7000000|  0%| F|  |TAMS 0x00000000c6f00000, 0x00000000c6f00000| Untracked 
| 112|0x00000000c7000000, 0x00000000c7000000, 0x00000000c7100000|  0%| F|  |TAMS 0x00000000c7000000, 0x00000000c7000000| Untracked 
| 113|0x00000000c7100000, 0x00000000c7100000, 0x00000000c7200000|  0%| F|  |TAMS 0x00000000c7100000, 0x00000000c7100000| Untracked 
| 114|0x00000000c7200000, 0x00000000c7200000, 0x00000000c7300000|  0%| F|  |TAMS 0x00000000c7200000, 0x00000000c7200000| Untracked 
| 115|0x00000000c7300000, 0x00000000c7300000, 0x00000000c7400000|  0%| F|  |TAMS 0x00000000c7300000, 0x00000000c7300000| Untracked 
| 116|0x00000000c7400000, 0x00000000c7400000, 0x00000000c7500000|  0%| F|  |TAMS 0x00000000c7400000, 0x00000000c7400000| Untracked 
| 117|0x00000000c7500000, 0x00000000c7500000, 0x00000000c7600000|  0%| F|  |TAMS 0x00000000c7500000, 0x00000000c7500000| Untracked 
| 118|0x00000000c7600000, 0x00000000c7600000, 0x00000000c7700000|  0%| F|  |TAMS 0x00000000c7600000, 0x00000000c7600000| Untracked 
| 119|0x00000000c7700000, 0x00000000c7700000, 0x00000000c7800000|  0%| F|  |TAMS 0x00000000c7700000, 0x00000000c7700000| Untracked 
| 120|0x00000000c7800000, 0x00000000c7800000, 0x00000000c7900000|  0%| F|  |TAMS 0x00000000c7800000, 0x00000000c7800000| Untracked 
| 121|0x00000000c7900000, 0x00000000c7900000, 0x00000000c7a00000|  0%| F|  |TAMS 0x00000000c7900000, 0x00000000c7900000| Untracked 
| 122|0x00000000c7a00000, 0x00000000c7a00000, 0x00000000c7b00000|  0%| F|  |TAMS 0x00000000c7a00000, 0x00000000c7a00000| Untracked 
| 123|0x00000000c7b00000, 0x00000000c7b00000, 0x00000000c7c00000|  0%| F|  |TAMS 0x00000000c7b00000, 0x00000000c7b00000| Untracked 
| 124|0x00000000c7c00000, 0x00000000c7c00000, 0x00000000c7d00000|  0%| F|  |TAMS 0x00000000c7c00000, 0x00000000c7c00000| Untracked 
| 125|0x00000000c7d00000, 0x00000000c7d00000, 0x00000000c7e00000|  0%| F|  |TAMS 0x00000000c7d00000, 0x00000000c7d00000| Untracked 
| 126|0x00000000c7e00000, 0x00000000c7e058a8, 0x00000000c7f00000|  2%| E|  |TAMS 0x00000000c7e00000, 0x00000000c7e00000| Complete 

Card table byte_map: [0x000002056af50000,0x000002056b150000] _byte_map_base: 0x000002056a950000

Marking Bits (Prev, Next): (CMBitMap*) 0x0000020565004050, (CMBitMap*) 0x0000020565004010
 Prev Bits: [0x000002056c350000, 0x000002056d350000)
 Next Bits: [0x000002056b350000, 0x000002056c350000)

Polling page: 0x0000020562ec0000

Metaspace:

Usage:
  Non-class:     54.92 MB used.
      Class:      7.74 MB used.
       Both:     62.67 MB used.

Virtual space:
  Non-class space:       64.00 MB reserved,      55.19 MB ( 86%) committed,  1 nodes.
      Class space:        1.00 GB reserved,       7.94 MB ( <1%) committed,  1 nodes.
             Both:        1.06 GB reserved,      63.12 MB (  6%) committed. 

Chunk freelists:
   Non-Class:  8.16 MB
       Class:  7.98 MB
        Both:  16.14 MB

MaxMetaspaceSize: unlimited
CompressedClassSpaceSize: 1.00 GB
Initial GC threshold: 21.00 MB
Current GC threshold: 105.12 MB
CDS: off
MetaspaceReclaimPolicy: balanced
 - commit_granule_bytes: 65536.
 - commit_granule_words: 8192.
 - virtual_space_node_default_size: 8388608.
 - enlarge_chunks_in_place: 1.
 - new_chunks_are_fully_committed: 0.
 - uncommit_free_chunks: 1.
 - use_allocation_guard: 0.
 - handle_deallocations: 1.


Internal statistics:

num_allocs_failed_limit: 8.
num_arena_births: 906.
num_arena_deaths: 378.
num_vsnodes_births: 2.
num_vsnodes_deaths: 0.
num_space_committed: 1009.
num_space_uncommitted: 0.
num_chunks_returned_to_freelist: 467.
num_chunks_taken_from_freelist: 3149.
num_chunk_merges: 152.
num_chunk_splits: 2042.
num_chunks_enlarged: 1498.
num_inconsistent_stats: 0.

CodeCache: size=49152Kb used=19724Kb max_used=20248Kb free=29427Kb
 bounds [0x0000020567c40000, 0x0000020569090000, 0x000002056ac40000]
 total_blobs=11041 nmethods=10353 adapters=613
 compilation: enabled
              stopped_count=0, restarted_count=0
 full_count=0

Compilation events (20 events):
Event: 75297.310 Thread 0x000002057405e0b0 10409       1       org.eclipse.jdt.internal.compiler.lookup.FieldBinding::isPrivate (13 bytes)
Event: 75297.311 Thread 0x000002057405e0b0 nmethod 10409 0x0000020568ff5e90 code [0x0000020568ff6020, 0x0000020568ff6118]
Event: 75297.332 Thread 0x000002057405e0b0 10410       1       org.eclipse.jdt.internal.compiler.codegen.CodeStream::getConstantPoolDeclaringClass (107 bytes)
Event: 75297.353 Thread 0x000002057405e0b0 nmethod 10410 0x0000020568ff5790 code [0x0000020568ff5980, 0x0000020568ff5c88]
Event: 76206.468 Thread 0x000002057405e0b0 10411   !   1       java.lang.ProcessImpl::start (733 bytes)
Event: 76206.538 Thread 0x000002057405e0b0 nmethod 10411 0x0000020568fef790 code [0x0000020568fefd60, 0x0000020568ff2cb8]
Event: 77529.541 Thread 0x000002057405e0b0 10423   !   1       java.lang.ProcessImpl::<init> (327 bytes)
Event: 77529.631 Thread 0x000002057405e0b0 nmethod 10423 0x0000020568fed010 code [0x0000020568fed460, 0x0000020568fee818]
Event: 78845.948 Thread 0x000002057405e0b0 10431       1       java.lang.ProcessImpl$2::run (242 bytes)
Event: 78845.980 Thread 0x000002057405e0b0 nmethod 10431 0x0000020568feb990 code [0x0000020568febc40, 0x0000020568fec9d8]
Event: 78845.980 Thread 0x000002057405e0b0 10432       1       java.io.BufferedOutputStream::<init> (9 bytes)
Event: 78845.981 Thread 0x000002057405e0b0 nmethod 10432 0x0000020568feb410 code [0x0000020568feb5a0, 0x0000020568feb878]
Event: 78845.981 Thread 0x000002057405e0b0 10433       1       java.lang.ProcessImpl::waitFor (136 bytes)
Event: 78845.985 Thread 0x000002057405e0b0 nmethod 10433 0x0000020568feab90 code [0x0000020568feada0, 0x0000020568feb1b8]
Event: 89852.117 Thread 0x000002057405e0b0 10434       1       org.eclipse.jdt.internal.compiler.lookup.ReferenceBinding::isCompatibleWith0 (400 bytes)
Event: 89852.161 Thread 0x000002057405e0b0 nmethod 10434 0x0000020568fe9a90 code [0x0000020568fe9d60, 0x0000020568fea748]
Event: 89852.162 Thread 0x000002057405e0b0 10437   !   1       org.eclipse.jdt.internal.compiler.ast.MethodDeclaration::analyseCode (948 bytes)
Event: 89852.235 Thread 0x000002057405e0b0 nmethod 10437 0x0000020568fe5f90 code [0x0000020568fe6380, 0x0000020568fe7af8]
Event: 89912.197 Thread 0x000002057405e0b0 10441       1       java.util.concurrent.SynchronousQueue$TransferStack$SNode::isCancelled (14 bytes)
Event: 89912.287 Thread 0x000002057405e0b0 nmethod 10441 0x0000020568fe5c90 code [0x0000020568fe5e20, 0x0000020568fe5ef8]

GC Heap History (20 events):
Event: 90152.412 GC heap after
{Heap after GC invocations=1538 (full 1468):
 garbage-first heap   total 130048K, used 45666K [0x00000000c0000000, 0x0000000100000000)
  region size 1024K, 0 young (0K), 0 survivors (0K)
 Metaspace       used 64170K, committed 64640K, reserved 1114112K
  class space    used 7927K, committed 8128K, reserved 1048576K
}
Event: 90162.691 GC heap before
{Heap before GC invocations=1538 (full 1468):
 garbage-first heap   total 130048K, used 45666K [0x00000000c0000000, 0x0000000100000000)
  region size 1024K, 1 young (1024K), 0 survivors (0K)
 Metaspace       used 64170K, committed 64640K, reserved 1114112K
  class space    used 7927K, committed 8128K, reserved 1048576K
}
Event: 90162.735 GC heap after
{Heap after GC invocations=1539 (full 1469):
 garbage-first heap   total 130048K, used 45666K [0x00000000c0000000, 0x0000000100000000)
  region size 1024K, 0 young (0K), 0 survivors (0K)
 Metaspace       used 64170K, committed 64640K, reserved 1114112K
  class space    used 7927K, committed 8128K, reserved 1048576K
}
Event: 90173.154 GC heap before
{Heap before GC invocations=1539 (full 1469):
 garbage-first heap   total 130048K, used 45666K [0x00000000c0000000, 0x0000000100000000)
  region size 1024K, 1 young (1024K), 0 survivors (0K)
 Metaspace       used 64170K, committed 64640K, reserved 1114112K
  class space    used 7927K, committed 8128K, reserved 1048576K
}
Event: 90173.202 GC heap after
{Heap after GC invocations=1540 (full 1470):
 garbage-first heap   total 130048K, used 45666K [0x00000000c0000000, 0x0000000100000000)
  region size 1024K, 0 young (0K), 0 survivors (0K)
 Metaspace       used 64170K, committed 64640K, reserved 1114112K
  class space    used 7927K, committed 8128K, reserved 1048576K
}
Event: 90183.521 GC heap before
{Heap before GC invocations=1540 (full 1470):
 garbage-first heap   total 130048K, used 45666K [0x00000000c0000000, 0x0000000100000000)
  region size 1024K, 1 young (1024K), 0 survivors (0K)
 Metaspace       used 64170K, committed 64640K, reserved 1114112K
  class space    used 7927K, committed 8128K, reserved 1048576K
}
Event: 90183.559 GC heap after
{Heap after GC invocations=1541 (full 1471):
 garbage-first heap   total 130048K, used 45666K [0x00000000c0000000, 0x0000000100000000)
  region size 1024K, 0 young (0K), 0 survivors (0K)
 Metaspace       used 64170K, committed 64640K, reserved 1114112K
  class space    used 7927K, committed 8128K, reserved 1048576K
}
Event: 90193.861 GC heap before
{Heap before GC invocations=1541 (full 1471):
 garbage-first heap   total 130048K, used 45666K [0x00000000c0000000, 0x0000000100000000)
  region size 1024K, 1 young (1024K), 0 survivors (0K)
 Metaspace       used 64170K, committed 64640K, reserved 1114112K
  class space    used 7927K, committed 8128K, reserved 1048576K
}
Event: 90193.896 GC heap after
{Heap after GC invocations=1542 (full 1472):
 garbage-first heap   total 130048K, used 45666K [0x00000000c0000000, 0x0000000100000000)
  region size 1024K, 0 young (0K), 0 survivors (0K)
 Metaspace       used 64170K, committed 64640K, reserved 1114112K
  class space    used 7927K, committed 8128K, reserved 1048576K
}
Event: 90204.183 GC heap before
{Heap before GC invocations=1542 (full 1472):
 garbage-first heap   total 130048K, used 45666K [0x00000000c0000000, 0x0000000100000000)
  region size 1024K, 1 young (1024K), 0 survivors (0K)
 Metaspace       used 64170K, committed 64640K, reserved 1114112K
  class space    used 7927K, committed 8128K, reserved 1048576K
}
Event: 90204.218 GC heap after
{Heap after GC invocations=1543 (full 1473):
 garbage-first heap   total 130048K, used 45666K [0x00000000c0000000, 0x0000000100000000)
  region size 1024K, 0 young (0K), 0 survivors (0K)
 Metaspace       used 64170K, committed 64640K, reserved 1114112K
  class space    used 7927K, committed 8128K, reserved 1048576K
}
Event: 90215.092 GC heap before
{Heap before GC invocations=1543 (full 1473):
 garbage-first heap   total 130048K, used 45666K [0x00000000c0000000, 0x0000000100000000)
  region size 1024K, 1 young (1024K), 0 survivors (0K)
 Metaspace       used 64170K, committed 64640K, reserved 1114112K
  class space    used 7927K, committed 8128K, reserved 1048576K
}
Event: 90215.128 GC heap after
{Heap after GC invocations=1544 (full 1474):
 garbage-first heap   total 130048K, used 45666K [0x00000000c0000000, 0x0000000100000000)
  region size 1024K, 0 young (0K), 0 survivors (0K)
 Metaspace       used 64170K, committed 64640K, reserved 1114112K
  class space    used 7927K, committed 8128K, reserved 1048576K
}
Event: 90225.631 GC heap before
{Heap before GC invocations=1544 (full 1474):
 garbage-first heap   total 130048K, used 45666K [0x00000000c0000000, 0x0000000100000000)
  region size 1024K, 1 young (1024K), 0 survivors (0K)
 Metaspace       used 64170K, committed 64640K, reserved 1114112K
  class space    used 7927K, committed 8128K, reserved 1048576K
}
Event: 90225.668 GC heap after
{Heap after GC invocations=1545 (full 1475):
 garbage-first heap   total 130048K, used 45666K [0x00000000c0000000, 0x0000000100000000)
  region size 1024K, 0 young (0K), 0 survivors (0K)
 Metaspace       used 64170K, committed 64640K, reserved 1114112K
  class space    used 7927K, committed 8128K, reserved 1048576K
}
Event: 90235.950 GC heap before
{Heap before GC invocations=1545 (full 1475):
 garbage-first heap   total 130048K, used 45666K [0x00000000c0000000, 0x0000000100000000)
  region size 1024K, 1 young (1024K), 0 survivors (0K)
 Metaspace       used 64170K, committed 64640K, reserved 1114112K
  class space    used 7927K, committed 8128K, reserved 1048576K
}
Event: 90235.982 GC heap after
{Heap after GC invocations=1546 (full 1476):
 garbage-first heap   total 130048K, used 45666K [0x00000000c0000000, 0x0000000100000000)
  region size 1024K, 0 young (0K), 0 survivors (0K)
 Metaspace       used 64170K, committed 64640K, reserved 1114112K
  class space    used 7927K, committed 8128K, reserved 1048576K
}
Event: 90246.252 GC heap before
{Heap before GC invocations=1546 (full 1476):
 garbage-first heap   total 130048K, used 45666K [0x00000000c0000000, 0x0000000100000000)
  region size 1024K, 1 young (1024K), 0 survivors (0K)
 Metaspace       used 64170K, committed 64640K, reserved 1114112K
  class space    used 7927K, committed 8128K, reserved 1048576K
}
Event: 90246.284 GC heap after
{Heap after GC invocations=1547 (full 1477):
 garbage-first heap   total 130048K, used 45666K [0x00000000c0000000, 0x0000000100000000)
  region size 1024K, 0 young (0K), 0 survivors (0K)
 Metaspace       used 64170K, committed 64640K, reserved 1114112K
  class space    used 7927K, committed 8128K, reserved 1048576K
}
Event: 90256.355 GC heap before
{Heap before GC invocations=1547 (full 1477):
 garbage-first heap   total 130048K, used 45666K [0x00000000c0000000, 0x0000000100000000)
  region size 1024K, 1 young (1024K), 0 survivors (0K)
 Metaspace       used 64170K, committed 64640K, reserved 1114112K
  class space    used 7927K, committed 8128K, reserved 1048576K
}

Dll operation events (10 events):
Event: 0.010 Loaded shared library c:\Users\martin\.vscode\extensions\redhat.java-1.34.0-win32-x64\jre\17.0.12-win32-x86_64\bin\java.dll
Event: 1.710 Loaded shared library C:\Users\martin\.vscode\extensions\redhat.java-1.34.0-win32-x64\jre\17.0.12-win32-x86_64\bin\net.dll
Event: 1.754 Loaded shared library C:\Users\martin\.vscode\extensions\redhat.java-1.34.0-win32-x64\jre\17.0.12-win32-x86_64\bin\nio.dll
Event: 2.097 Loaded shared library C:\Users\martin\.vscode\extensions\redhat.java-1.34.0-win32-x64\jre\17.0.12-win32-x86_64\bin\zip.dll
Event: 10.414 Loaded shared library C:\Users\martin\.vscode\extensions\redhat.java-1.34.0-win32-x64\jre\17.0.12-win32-x86_64\bin\jimage.dll
Event: 12.150 Loaded shared library c:\Users\martin\.vscode\extensions\redhat.java-1.34.0-win32-x64\jre\17.0.12-win32-x86_64\bin\verify.dll
Event: 17.116 Loaded shared library C:\Users\martin\.vscode\extensions\redhat.java-1.34.0-win32-x64\jre\17.0.12-win32-x86_64\bin\management.dll
Event: 17.159 Loaded shared library C:\Users\martin\.vscode\extensions\redhat.java-1.34.0-win32-x64\jre\17.0.12-win32-x86_64\bin\management_ext.dll
Event: 18.471 Loaded shared library C:\Users\martin\.vscode\extensions\redhat.java-1.34.0-win32-x64\jre\17.0.12-win32-x86_64\bin\sunmscapi.dll
Event: 19.058 Loaded shared library C:\Users\martin\.vscode\extensions\redhat.java-1.34.0-win32-x64\jre\17.0.12-win32-x86_64\bin\extnet.dll

Deoptimization events (16 events):
Event: 17.556 Thread 0x0000020574b00920 DEOPT PACKING pc=0x00000205681a7b81 sp=0x00000023392fdf90
Event: 17.556 Thread 0x0000020574b00920 DEOPT UNPACKING pc=0x0000020567c9ace3 sp=0x00000023392fd420 mode 3
Event: 17.581 Thread 0x0000020575008530 DEOPT PACKING pc=0x0000020568170f17 sp=0x00000023393ff360
Event: 17.581 Thread 0x0000020575008530 DEOPT UNPACKING pc=0x0000020567c9ace3 sp=0x00000023393fe7b8 mode 3
Event: 18.576 Thread 0x0000020575028e20 DEOPT PACKING pc=0x0000020567dc118c sp=0x000000233a0faa30
Event: 18.576 Thread 0x0000020575028e20 DEOPT UNPACKING pc=0x0000020567c9ace3 sp=0x000000233a0f9ef8 mode 0
Event: 49246.030 Thread 0x0000020574b00920 DEOPT PACKING pc=0x000002056825f4d4 sp=0x00000023392ff260
Event: 49246.034 Thread 0x0000020574b00920 DEOPT UNPACKING pc=0x0000020567c9ace3 sp=0x00000023392fe6e8 mode 0
Event: 49947.754 Thread 0x0000020576609bc0 DEOPT PACKING pc=0x000002056815a9d2 sp=0x00000023382fd9a0
Event: 49947.755 Thread 0x0000020576609bc0 DEOPT UNPACKING pc=0x0000020567c9ace3 sp=0x00000023382fcea8 mode 3
Event: 50038.528 Thread 0x000002057660bf30 DEOPT PACKING pc=0x00000205689a9234 sp=0x00000023371fe920
Event: 50038.530 Thread 0x000002057660bf30 DEOPT UNPACKING pc=0x0000020567c9ace3 sp=0x00000023371fde70 mode 0
Event: 50213.019 Thread 0x0000020576607d60 DEOPT PACKING pc=0x0000020568b28526 sp=0x00000023371fe340
Event: 50213.020 Thread 0x0000020576607d60 DEOPT UNPACKING pc=0x0000020567c9ace3 sp=0x00000023371fd8c8 mode 0
Event: 50938.719 Thread 0x0000020576607340 DEOPT PACKING pc=0x00000205688b8984 sp=0x00000023399fd250
Event: 50938.721 Thread 0x0000020576607340 DEOPT UNPACKING pc=0x0000020567c9ace3 sp=0x00000023399fc6c8 mode 0

Classes loaded (20 events):
Event: 50969.110 Loading class org/w3c/dom/DocumentType
Event: 50969.111 Loading class org/w3c/dom/DocumentType done
Event: 50969.116 Loading class org/w3c/dom/CDATASection
Event: 50969.116 Loading class org/w3c/dom/Text
Event: 50969.116 Loading class org/w3c/dom/CharacterData
Event: 50969.116 Loading class org/w3c/dom/CharacterData done
Event: 50969.116 Loading class org/w3c/dom/Text done
Event: 50969.116 Loading class org/w3c/dom/CDATASection done
Event: 50969.119 Loading class org/w3c/dom/ProcessingInstruction
Event: 50969.119 Loading class org/w3c/dom/ProcessingInstruction done
Event: 50969.120 Loading class org/w3c/dom/Comment
Event: 50969.120 Loading class org/w3c/dom/Comment done
Event: 50969.122 Loading class org/w3c/dom/Entity
Event: 50969.122 Loading class org/w3c/dom/Entity done
Event: 50969.151 Loading class org/w3c/dom/NodeList
Event: 50969.151 Loading class org/w3c/dom/NodeList done
Event: 50969.151 Loading class org/w3c/dom/NamedNodeMap
Event: 50969.151 Loading class org/w3c/dom/NamedNodeMap done
Event: 50969.153 Loading class org/w3c/dom/Attr
Event: 50969.153 Loading class org/w3c/dom/Attr done

Classes unloaded (20 events):
Event: 51134.652 Thread 0x000002056fba53d0 Unloading class 0x0000000100804400 'java/lang/invoke/LambdaForm$MH+0x0000000100804400'
Event: 51134.652 Thread 0x000002056fba53d0 Unloading class 0x0000000100804000 'java/lang/invoke/LambdaForm$MH+0x0000000100804000'
Event: 51145.179 Thread 0x000002056fba53d0 Unloading class 0x0000000100806c00 'jdk/internal/reflect/GeneratedMethodAccessor41'
Event: 51145.179 Thread 0x000002056fba53d0 Unloading class 0x0000000100806800 'jdk/internal/reflect/GeneratedConstructorAccessor81'
Event: 51145.179 Thread 0x000002056fba53d0 Unloading class 0x0000000100806400 'jdk/internal/reflect/GeneratedMethodAccessor40'
Event: 51145.179 Thread 0x000002056fba53d0 Unloading class 0x0000000100806000 'jdk/internal/reflect/GeneratedConstructorAccessor80'
Event: 51145.179 Thread 0x000002056fba53d0 Unloading class 0x0000000100805c00 'jdk/internal/reflect/GeneratedMethodAccessor39'
Event: 51145.179 Thread 0x000002056fba53d0 Unloading class 0x0000000100805800 'jdk/internal/reflect/GeneratedMethodAccessor38'
Event: 51145.179 Thread 0x000002056fba53d0 Unloading class 0x0000000100805400 'jdk/internal/reflect/GeneratedMethodAccessor37'
Event: 51145.179 Thread 0x000002056fba53d0 Unloading class 0x0000000100805000 'jdk/internal/reflect/GeneratedConstructorAccessor79'
Event: 51267.303 Thread 0x000002056fba53d0 Unloading class 0x0000000100806c00 'java/lang/invoke/LambdaForm$MH+0x0000000100806c00'
Event: 51267.303 Thread 0x000002056fba53d0 Unloading class 0x0000000100806800 'java/lang/invoke/LambdaForm$MH+0x0000000100806800'
Event: 51267.303 Thread 0x000002056fba53d0 Unloading class 0x0000000100806400 'java/lang/invoke/LambdaForm$MH+0x0000000100806400'
Event: 51267.303 Thread 0x000002056fba53d0 Unloading class 0x0000000100806000 'java/lang/invoke/LambdaForm$MH+0x0000000100806000'
Event: 51267.303 Thread 0x000002056fba53d0 Unloading class 0x0000000100805800 'java/lang/invoke/LambdaForm$MH+0x0000000100805800'
Event: 51267.303 Thread 0x000002056fba53d0 Unloading class 0x0000000100805400 'java/lang/invoke/LambdaForm$MH+0x0000000100805400'
Event: 51267.303 Thread 0x000002056fba53d0 Unloading class 0x0000000100805000 'java/lang/invoke/LambdaForm$MH+0x0000000100805000'
Event: 51267.303 Thread 0x000002056fba53d0 Unloading class 0x0000000100804400 'java/lang/invoke/LambdaForm$MH+0x0000000100804400'
Event: 51267.303 Thread 0x000002056fba53d0 Unloading class 0x0000000100804000 'java/lang/invoke/LambdaForm$MH+0x0000000100804000'
Event: 51267.303 Thread 0x000002056fba53d0 Unloading class 0x0000000100804800 'java/lang/invoke/LambdaForm$MH+0x0000000100804800'

Classes redefined (0 events):
No events

Internal exceptions (20 events):
Event: 50980.496 Thread 0x00000205766091a0 Exception <a 'sun/nio/fs/WindowsException'{0x00000000c5cecb18}> (0x00000000c5cecb18) 
thrown [s\src\hotspot\share\prims\jni.cpp, line 516]
Event: 50980.496 Thread 0x00000205766091a0 Exception <a 'sun/nio/fs/WindowsException'{0x00000000c5ced328}> (0x00000000c5ced328) 
thrown [s\src\hotspot\share\prims\jni.cpp, line 516]
Event: 50980.496 Thread 0x00000205766091a0 Exception <a 'sun/nio/fs/WindowsException'{0x00000000c5ced738}> (0x00000000c5ced738) 
thrown [s\src\hotspot\share\prims\jni.cpp, line 516]
Event: 50980.496 Thread 0x00000205766091a0 Exception <a 'sun/nio/fs/WindowsException'{0x00000000c5cee710}> (0x00000000c5cee710) 
thrown [s\src\hotspot\share\prims\jni.cpp, line 516]
Event: 50980.496 Thread 0x00000205766091a0 Exception <a 'sun/nio/fs/WindowsException'{0x00000000c5ceeb60}> (0x00000000c5ceeb60) 
thrown [s\src\hotspot\share\prims\jni.cpp, line 516]
Event: 50983.056 Thread 0x0000020576607340 Exception <a 'java/lang/ClassCastException'{0x00000000c56d9bd0}> (0x00000000c56d9bd0) 
thrown [s\src\hotspot\share\runtime\sharedRuntime.cpp, line 631]
Event: 50990.157 Thread 0x0000020575008530 Exception <a 'sun/nio/fs/WindowsException'{0x00000000c5118370}> (0x00000000c5118370) 
thrown [s\src\hotspot\share\prims\jni.cpp, line 516]
Event: 50990.157 Thread 0x0000020575008530 Exception <a 'sun/nio/fs/WindowsException'{0x00000000c5118a20}> (0x00000000c5118a20) 
thrown [s\src\hotspot\share\prims\jni.cpp, line 516]
Event: 51029.786 Thread 0x0000020576607340 Exception <a 'java/lang/ClassCastException'{0x00000000c77a7380}> (0x00000000c77a7380) 
thrown [s\src\hotspot\share\runtime\sharedRuntime.cpp, line 631]
Event: 51037.801 Thread 0x0000020576607340 Exception <a 'java/lang/ClassCastException'{0x00000000c7251910}> (0x00000000c7251910) 
thrown [s\src\hotspot\share\runtime\sharedRuntime.cpp, line 631]
Event: 51038.734 Thread 0x0000020575029d50 Exception <a 'java/lang/ClassCastException'{0x00000000c633b6c0}> (0x00000000c633b6c0) 
thrown [s\src\hotspot\share\runtime\sharedRuntime.cpp, line 631]
Event: 51039.844 Thread 0x0000020576607340 Exception <a 'java/lang/ClassCastException'{0x00000000c534b2b0}> (0x00000000c534b2b0) 
thrown [s\src\hotspot\share\runtime\sharedRuntime.cpp, line 631]
Event: 51044.855 Thread 0x0000020576607340 Exception <a 'java/lang/ClassCastException'{0x00000000c4f2a0a0}> (0x00000000c4f2a0a0) 
thrown [s\src\hotspot\share\runtime\sharedRuntime.cpp, line 631]
Event: 51045.776 Thread 0x0000020575029d50 Exception <a 'java/lang/ClassCastException'{0x00000000c716f7c8}> (0x00000000c716f7c8) 
thrown [s\src\hotspot\share\runtime\sharedRuntime.cpp, line 631]
Event: 51046.289 Thread 0x0000020576607340 Exception <a 'java/lang/ClassCastException'{0x00000000c6cede58}> (0x00000000c6cede58) 
thrown [s\src\hotspot\share\runtime\sharedRuntime.cpp, line 631]
Event: 51046.600 Thread 0x0000020576607340 Exception <a 'java/lang/ClassCastException'{0x00000000c5d13528}> (0x00000000c5d13528) 
thrown [s\src\hotspot\share\runtime\sharedRuntime.cpp, line 631]
Event: 51047.089 Thread 0x0000020575029d50 Exception <a 'java/lang/ClassCastException'{0x00000000c4f9a2e8}> (0x00000000c4f9a2e8) 
thrown [s\src\hotspot\share\runtime\sharedRuntime.cpp, line 631]
Event: 51048.169 Thread 0x0000020576607340 Exception <a 'java/lang/ClassCastException'{0x00000000c708afe8}> (0x00000000c708afe8) 
thrown [s\src\hotspot\share\runtime\sharedRuntime.cpp, line 631]
Event: 51173.393 Thread 0x0000020576604ac0 Exception <a 'java/lang/ClassCastException'{0x00000000c7b3ebe8}> (0x00000000c7b3ebe8) 
thrown [s\src\hotspot\share\runtime\sharedRuntime.cpp, line 631]
Event: 51285.137 Thread 0x0000020576609bc0 Exception <a 'java/lang/ClassCastException'{0x00000000c7949cb0}> (0x00000000c7949cb0) 
thrown [s\src\hotspot\share\runtime\sharedRuntime.cpp, line 631]

VM Operations (20 events):
Event: 90152.412 Executing VM operation: G1CollectFull done
Event: 90162.691 Executing VM operation: G1CollectFull
Event: 90162.735 Executing VM operation: G1CollectFull done
Event: 90173.154 Executing VM operation: G1CollectFull
Event: 90173.202 Executing VM operation: G1CollectFull done
Event: 90183.521 Executing VM operation: G1CollectFull
Event: 90183.559 Executing VM operation: G1CollectFull done
Event: 90193.861 Executing VM operation: G1CollectFull
Event: 90193.896 Executing VM operation: G1CollectFull done
Event: 90204.183 Executing VM operation: G1CollectFull
Event: 90204.218 Executing VM operation: G1CollectFull done
Event: 90215.092 Executing VM operation: G1CollectFull
Event: 90215.128 Executing VM operation: G1CollectFull done
Event: 90225.631 Executing VM operation: G1CollectFull
Event: 90225.668 Executing VM operation: G1CollectFull done
Event: 90235.950 Executing VM operation: G1CollectFull
Event: 90235.982 Executing VM operation: G1CollectFull done
Event: 90246.252 Executing VM operation: G1CollectFull
Event: 90246.284 Executing VM operation: G1CollectFull done
Event: 90256.354 Executing VM operation: G1CollectFull

Events (20 events):
Event: 75292.854 Thread 0x0000020576607340 Thread added: 0x0000020576607340
Event: 75296.529 Thread 0x00000205766059f0 Thread added: 0x00000205766059f0
Event: 75296.564 Thread 0x000002057660b000 Thread added: 0x000002057660b000
Event: 75339.894 Thread 0x0000020576605f00 Thread added: 0x0000020576605f00
Event: 75357.438 Thread 0x00000205766059f0 Thread exited: 0x00000205766059f0
Event: 75357.442 Thread 0x000002057660b000 Thread exited: 0x000002057660b000
Event: 75411.194 Thread 0x0000020576605f00 Thread exited: 0x0000020576605f00
Event: 75411.290 Thread 0x0000020576607340 Thread exited: 0x0000020576607340
Event: 76206.541 Thread 0x00000205768eea40 Thread added: 0x00000205768eea40
Event: 76211.544 Thread 0x00000205768eea40 Thread exited: 0x00000205768eea40
Event: 89851.664 Thread 0x00000205766059f0 Thread added: 0x00000205766059f0
Event: 89851.684 Thread 0x000002057660b000 Thread added: 0x000002057660b000
Event: 89851.705 Thread 0x0000020576607d60 Thread added: 0x0000020576607d60
Event: 89851.707 Thread 0x0000020576608270 Thread added: 0x0000020576608270
Event: 89851.715 Thread 0x0000020576607340 Thread added: 0x0000020576607340
Event: 89911.702 Thread 0x00000205766059f0 Thread exited: 0x00000205766059f0
Event: 89912.185 Thread 0x0000020576608270 Thread exited: 0x0000020576608270
Event: 89912.185 Thread 0x0000020576607340 Thread exited: 0x0000020576607340
Event: 89912.207 Thread 0x000002057660b000 Thread exited: 0x000002057660b000
Event: 89912.210 Thread 0x0000020576607d60 Thread exited: 0x0000020576607d60


Dynamic libraries:
0x00007ff611470000 - 0x00007ff61147e000 	c:\Users\martin\.vscode\extensions\redhat.java-1.34.0-win32-x64\jre\17.0.12-win32-x86_64\bin\java.exe
0x00007ff8c6d10000 - 0x00007ff8c6f27000 	C:\WINDOWS\SYSTEM32\ntdll.dll
0x00007ff8c4bf0000 - 0x00007ff8c4cb4000 	C:\WINDOWS\System32\KERNEL32.DLL
0x00007ff8c4400000 - 0x00007ff8c47ad000 	C:\WINDOWS\System32\KERNELBASE.dll
0x00007ff8bb2d0000 - 0x00007ff8bb367000 	C:\WINDOWS\SYSTEM32\apphelp.dll
0x00007ff8c4860000 - 0x00007ff8c4971000 	C:\WINDOWS\System32\ucrtbase.dll
0x00007ff88c100000 - 0x00007ff88c11b000 	c:\Users\martin\.vscode\extensions\redhat.java-1.34.0-win32-x64\jre\17.0.12-win32-x86_64\bin\VCRUNTIME140.dll
0x00007ff88c250000 - 0x00007ff88c267000 	c:\Users\martin\.vscode\extensions\redhat.java-1.34.0-win32-x64\jre\17.0.12-win32-x86_64\bin\jli.dll
0x00007ff8c4a40000 - 0x00007ff8c4bee000 	C:\WINDOWS\System32\USER32.dll
0x00007ff8c40d0000 - 0x00007ff8c40f6000 	C:\WINDOWS\System32\win32u.dll
0x00007ff8a84e0000 - 0x00007ff8a8773000 	C:\WINDOWS\WinSxS\amd64_microsoft.windows.common-controls_6595b64144ccf1df_6.0.22621.3672_none_2713b9d173822955\COMCTL32.dll
0x00007ff8c4cc0000 - 0x00007ff8c4ce9000 	C:\WINDOWS\System32\GDI32.dll
0x00007ff8c5ec0000 - 0x00007ff8c5f67000 	C:\WINDOWS\System32\msvcrt.dll
0x00007ff8c4100000 - 0x00007ff8c4219000 	C:\WINDOWS\System32\gdi32full.dll
0x00007ff8c4030000 - 0x00007ff8c40ca000 	C:\WINDOWS\System32\msvcp_win.dll
0x00007ff8c50a0000 - 0x00007ff8c50d1000 	C:\WINDOWS\System32\IMM32.DLL
0x00007ff8b8e20000 - 0x00007ff8b8e2c000 	c:\Users\martin\.vscode\extensions\redhat.java-1.34.0-win32-x64\jre\17.0.12-win32-x86_64\bin\vcruntime140_1.dll
0x00007ff8816d0000 - 0x00007ff88175d000 	c:\Users\martin\.vscode\extensions\redhat.java-1.34.0-win32-x64\jre\17.0.12-win32-x86_64\bin\msvcp140.dll
0x00007ff80dd60000 - 0x00007ff80e9ca000 	c:\Users\martin\.vscode\extensions\redhat.java-1.34.0-win32-x64\jre\17.0.12-win32-x86_64\bin\server\jvm.dll
0x00007ff8c4ee0000 - 0x00007ff8c4f92000 	C:\WINDOWS\System32\ADVAPI32.dll
0x00007ff8c6aa0000 - 0x00007ff8c6b49000 	C:\WINDOWS\System32\sechost.dll
0x00007ff8c4830000 - 0x00007ff8c4858000 	C:\WINDOWS\System32\bcrypt.dll
0x00007ff8c6bb0000 - 0x00007ff8c6cc4000 	C:\WINDOWS\System32\RPCRT4.dll
0x00007ff8c5260000 - 0x00007ff8c52d1000 	C:\WINDOWS\System32\WS2_32.dll
0x00007ff8b81d0000 - 0x00007ff8b81da000 	C:\WINDOWS\SYSTEM32\VERSION.dll
0x00007ff8bf160000 - 0x00007ff8bf194000 	C:\WINDOWS\SYSTEM32\WINMM.dll
0x00007ff8c3d40000 - 0x00007ff8c3d8d000 	C:\WINDOWS\SYSTEM32\POWRPROF.dll
0x00007ff8c3d20000 - 0x00007ff8c3d33000 	C:\WINDOWS\SYSTEM32\UMPDC.dll
0x00007ff8c3060000 - 0x00007ff8c3078000 	C:\WINDOWS\SYSTEM32\kernel.appcore.dll
0x00007ff8a9f20000 - 0x00007ff8a9f2a000 	c:\Users\martin\.vscode\extensions\redhat.java-1.34.0-win32-x64\jre\17.0.12-win32-x86_64\bin\jimage.dll
0x00007ff8c16d0000 - 0x00007ff8c1902000 	C:\WINDOWS\SYSTEM32\DBGHELP.DLL
0x00007ff8c5500000 - 0x00007ff8c588d000 	C:\WINDOWS\System32\combase.dll
0x00007ff8c4e00000 - 0x00007ff8c4ed7000 	C:\WINDOWS\System32\OLEAUT32.dll
0x00007ff8a3800000 - 0x00007ff8a3832000 	C:\WINDOWS\SYSTEM32\dbgcore.DLL
0x00007ff8c47b0000 - 0x00007ff8c482b000 	C:\WINDOWS\System32\bcryptPrimitives.dll
0x00007ff88c0d0000 - 0x00007ff88c0f5000 	c:\Users\martin\.vscode\extensions\redhat.java-1.34.0-win32-x64\jre\17.0.12-win32-x86_64\bin\java.dll
0x00007ff88c080000 - 0x00007ff88c098000 	c:\Users\martin\.vscode\extensions\redhat.java-1.34.0-win32-x64\jre\17.0.12-win32-x86_64\bin\zip.dll
0x00007ff8c6220000 - 0x00007ff8c6a88000 	C:\WINDOWS\System32\SHELL32.dll
0x00007ff8c1f30000 - 0x00007ff8c282e000 	C:\WINDOWS\SYSTEM32\windows.storage.dll
0x00007ff8c1df0000 - 0x00007ff8c1f2f000 	C:\WINDOWS\SYSTEM32\wintypes.dll
0x00007ff8c4fa0000 - 0x00007ff8c5099000 	C:\WINDOWS\System32\SHCORE.dll
0x00007ff8c54a0000 - 0x00007ff8c54fe000 	C:\WINDOWS\System32\shlwapi.dll
0x00007ff8c3f60000 - 0x00007ff8c3f81000 	C:\WINDOWS\SYSTEM32\profapi.dll
0x00007ff88bd80000 - 0x00007ff88bd99000 	C:\Users\martin\.vscode\extensions\redhat.java-1.34.0-win32-x64\jre\17.0.12-win32-x86_64\bin\net.dll
0x00007ff8c0650000 - 0x00007ff8c0786000 	C:\WINDOWS\SYSTEM32\WINHTTP.dll
0x00007ff8c34d0000 - 0x00007ff8c3539000 	C:\WINDOWS\system32\mswsock.dll
0x00007ff88bd60000 - 0x00007ff88bd76000 	C:\Users\martin\.vscode\extensions\redhat.java-1.34.0-win32-x64\jre\17.0.12-win32-x86_64\bin\nio.dll
0x00007ff8a9720000 - 0x00007ff8a9730000 	c:\Users\martin\.vscode\extensions\redhat.java-1.34.0-win32-x64\jre\17.0.12-win32-x86_64\bin\verify.dll
0x00007ff8c3730000 - 0x00007ff8c374b000 	C:\WINDOWS\SYSTEM32\CRYPTSP.dll
0x00007ff8c2fc0000 - 0x00007ff8c2ff5000 	C:\WINDOWS\system32\rsaenh.dll
0x00007ff8c35d0000 - 0x00007ff8c35f8000 	C:\WINDOWS\SYSTEM32\USERENV.dll
0x00007ff8c3750000 - 0x00007ff8c375c000 	C:\WINDOWS\SYSTEM32\CRYPTBASE.dll
0x00007ff8c2ae0000 - 0x00007ff8c2b0d000 	C:\WINDOWS\SYSTEM32\IPHLPAPI.DLL
0x00007ff8c50e0000 - 0x00007ff8c50e9000 	C:\WINDOWS\System32\NSI.dll
0x00007ff8c04e0000 - 0x00007ff8c04f9000 	C:\WINDOWS\SYSTEM32\dhcpcsvc6.DLL
0x00007ff8c04b0000 - 0x00007ff8c04cf000 	C:\WINDOWS\SYSTEM32\dhcpcsvc.DLL
0x00007ff8c2b10000 - 0x00007ff8c2c08000 	C:\WINDOWS\SYSTEM32\DNSAPI.dll
0x00007ff89a080000 - 0x00007ff89a089000 	C:\Users\martin\.vscode\extensions\redhat.java-1.34.0-win32-x64\jre\17.0.12-win32-x86_64\bin\management.dll
0x00007ff8966e0000 - 0x00007ff8966eb000 	C:\Users\martin\.vscode\extensions\redhat.java-1.34.0-win32-x64\jre\17.0.12-win32-x86_64\bin\management_ext.dll
0x00007ff8c4d90000 - 0x00007ff8c4d98000 	C:\WINDOWS\System32\PSAPI.DLL
0x00007ff8a8a20000 - 0x00007ff8a8a2e000 	C:\Users\martin\.vscode\extensions\redhat.java-1.34.0-win32-x64\jre\17.0.12-win32-x86_64\bin\sunmscapi.dll
0x00007ff8c4290000 - 0x00007ff8c43f7000 	C:\WINDOWS\System32\CRYPT32.dll
0x00007ff8c3960000 - 0x00007ff8c398e000 	C:\WINDOWS\SYSTEM32\ncrypt.dll
0x00007ff8c3920000 - 0x00007ff8c3957000 	C:\WINDOWS\SYSTEM32\NTASN1.dll
0x0000000066280000 - 0x00000000662a6000 	C:\Program Files\Bonjour\mdnsNSP.dll
0x00007ff8bf390000 - 0x00007ff8bf39a000 	C:\Windows\System32\rasadhlp.dll
0x00007ff8bf640000 - 0x00007ff8bf6c3000 	C:\WINDOWS\System32\fwpuclnt.dll
0x00007ff89a030000 - 0x00007ff89a039000 	C:\Users\martin\.vscode\extensions\redhat.java-1.34.0-win32-x64\jre\17.0.12-win32-x86_64\bin\extnet.dll

dbghelp: loaded successfully - version: 4.0.5 - missing functions: none
symbol engine: initialized successfully - sym options: 0x614 - pdb path: .;c:\Users\martin\.vscode\extensions\redhat.java-1.34.0-win32-x64\jre\17.0.12-win32-x86_64\bin;C:\WINDOWS\SYSTEM32;C:\WINDOWS\WinSxS\amd64_microsoft.windows.common-controls_6595b64144ccf1df_6.0.22621.3672_none_2713b9d173822955;c:\Users\martin\.vscode\extensions\redhat.java-1.34.0-win32-x64\jre\17.0.12-win32-x86_64\bin\server;C:\Program Files\Bonjour

VM Arguments:
jvm_args: -Xmx1024m -Dsts.lsp.client=vscode -Dsts.log.file=/dev/null -XX:TieredStopAtLevel=1 -Xlog:jni+resolve=off -Dspring.config.location=file:c:\Users\martin\.vscode\extensions\vmware.vscode-spring-boot-1.56.0\language-server\BOOT-INF\classes\application.properties 
java_command: org.springframework.ide.vscode.boot.app.BootLanguageServerBootApp
java_class_path (initial): c:\Users\martin\.vscode\extensions\vmware.vscode-spring-boot-1.56.0\language-server\BOOT-INF\classes;c:\Users\martin\.vscode\extensions\vmware.vscode-spring-boot-1.56.0\language-server\BOOT-INF\lib\annotations-24.1.0.jar;c:\Users\martin\.vscode\extensions\vmware.vscode-spring-boot-1.56.0\language-server\BOOT-INF\lib\antlr4-runtime-4.13.1.jar;c:\Users\martin\.vscode\extensions\vmware.vscode-spring-boot-1.56.0\language-server\BOOT-INF\lib\asm-9.7.jar;c:\Users\martin\.vscode\extensions\vmware.vscode-spring-boot-1.56.0\language-server\BOOT-INF\lib\asm-analysis-9.7.jar;c:\Users\martin\.vscode\extensions\vmware.vscode-spring-boot-1.56.0\language-server\BOOT-INF\lib\asm-tree-9.7.jar;c:\Users\martin\.vscode\extensions\vmware.vscode-spring-boot-1.56.0\language-server\BOOT-INF\lib\asm-util-9.7.jar;c:\Users\martin\.vscode\extensions\vmware.vscode-spring-boot-1.56.0\language-server\BOOT-INF\lib\caffeine-3.1.8.jar;c:\Users\martin\.vscode\extensions\vmware.vscode-spring-boot-1.56.0\language-server\BOOT-INF\lib\checker-qual-3.12.0.jar;c:\Users\martin\.vscode\extensions\vmware.vscode-spring-boot-1.56.0\language-server\BOOT-INF\lib\classgraph-4.8.149.jar;c:\Users\martin\.vscode\extensions\vmware.vscode-spring-boot-1.56.0\language-server\BOOT-INF\lib\commons-codec-1.16.1.jar;c:\Users\martin\.vscode\extensions\vmware.vscode-spring-boot-1.56.0\language-server\BOOT-INF\lib\commons-compress-1.26.2.jar;c:\Users\martin\.vscode\extensions\vmware.vscode-spring-boot-1.56.0\language-server\BOOT-INF\lib\commons-io-2.16.1.jar;c:\Users\martin\.vscode\extensions\vmware.vscode-spring-boot-1.56.0\language-server\BOOT-INF\lib\commons-java-1.56.0-SNAPSHOT.jar;c:\Users\martin\.vscode\extensions\vmware.vscode-spring-boot-1.56.0\language-server\BOOT-INF\lib\commons-lang3-3.14.0.jar;c:\Users\martin\.vscode\extensions\vmware.vscode-spring-boot-1.56.0\language-server\BOOT-INF\lib\commons-language-server-1.56.0-SNAPSHOT.jar;c:\Users\martin\.vscode\extensions\vmware.vscode-spring-
Launcher Type: SUN_STANDARD

[Global flags]
     intx CICompilerCount                          = 4                                         {product} {ergonomic}
     uint ConcGCThreads                            = 2                                         {product} {ergonomic}
     uint G1ConcRefinementThreads                  = 8                                         {product} {ergonomic}
   size_t G1HeapRegionSize                         = 1048576                                   {product} {ergonomic}
    uintx GCDrainStackTargetSize                   = 64                                        {product} {ergonomic}
   size_t InitialHeapSize                          = 132120576                                 {product} {ergonomic}
   size_t MarkStackSize                            = 4194304                                   {product} {ergonomic}
   size_t MaxHeapSize                              = 1073741824                                {product} {command line}
   size_t MaxNewSize                               = 643825664                                 {product} {ergonomic}
   size_t MinHeapDeltaBytes                        = 1048576                                   {product} {ergonomic}
   size_t MinHeapSize                              = 8388608                                   {product} {ergonomic}
    uintx NonProfiledCodeHeapSize                  = 0                                      {pd product} {ergonomic}
     bool ProfileInterpreter                       = false                                  {pd product} {command line}
    uintx ProfiledCodeHeapSize                     = 0                                      {pd product} {ergonomic}
   size_t SoftMaxHeapSize                          = 1073741824                             {manageable} {ergonomic}
     intx TieredStopAtLevel                        = 1                                         {product} {command line}
     bool UseCompressedClassPointers               = true                           {product lp64_product} {ergonomic}
     bool UseCompressedOops                        = true                           {product lp64_product} {ergonomic}
     bool UseG1GC                                  = true                                      {product} {ergonomic}
     bool UseLargePagesIndividualAllocation        = false                                  {pd product} {ergonomic}

Logging:
Log output configuration:
 #0: stdout all=warning,jni+resolve=off uptime,level,tags
 #1: stderr all=off uptime,level,tags

Environment Variables:
JAVA_HOME=C:\Program Files\Java\jdk-22
PATH=C:\app\martin\product\21c\dbhomeXE\bin;C:\Program Files\Common Files\Oracle\Java\javapath;C:\WINDOWS\system32;C:\WINDOWS;C:\WINDOWS\System32\Wbem;C:\WINDOWS\System32\WindowsPowerShell\v1.0\;C:\WINDOWS\System32\OpenSSH\;C:\Program Files\nodejs\;C:\xampp\php;C:\ProgramData\ComposerSetup\bin;C:\Program Files\Git\cmd;C:\Program Files\PuTTY\;C:\Users\martin\Downloads\maven\bin;C:\Program Files\Java\jdk-22\bin;C:\Users\martin\Downloads\maven;C:\Users\martin\Downloads\jdk;C:\Program Files\Docker\Docker\resources\bin;C:\Program Files\Amazon\AWSCLIV2\;C:\Program Files (x86)\Microsoft SQL Server\160\Tools\Binn\;C:\Program Files\Microsoft SQL Server\160\Tools\Binn\;C:\Program Files\Microsoft SQL Server\Client SDK\ODBC\170\Tools\Binn\;C:\Program Files\Microsoft SQL Server\160\DTS\Binn\;C:\Program Files (x86)\Microsoft SQL Server\160\DTS\Binn\;C:\Users\martin\AppData\Local\Programs\Python\Python311\Scripts\;C:\Users\martin\AppData\Local\Programs\Python\Python311\;C:\Users\martin\anaconda3;C:\Users\martin\anaconda3\Library\mingw-w64\bin;C:\Users\martin\anaconda3\Library\usr\bin;C:\Users\martin\anaconda3\Library\bin;C:\Users\martin\anaconda3\Scripts;C:\Users\martin\AppData\Local\Microsoft\WindowsApps;C:\Users\martin\AppData\Local\Programs\Microsoft VS Code\bin;C:\Users\martin\AppData\Roaming\npm;C:\Users\martin\AppData\Roaming\Composer\vendor\bin;C:\sqlite3;C:\Users\martin\Downloads\python-3.11.4-embed-win32\python311;C:\Program Files\MongoDB\Server\7.0\bin;C:\Program Files\MongoDB\mongosh-2.2.12-win32-x64(1)\bin;
USERNAME=martin
OS=Windows_NT
PROCESSOR_IDENTIFIER=Intel64 Family 6 Model 140 Stepping 1, GenuineIntel
TMP=C:\Users\martin\AppData\Local\Temp
TEMP=C:\Users\martin\AppData\Local\Temp



Periodic native trim disabled


---------------  S Y S T E M  ---------------

OS:
 Windows 11 , 64 bit Build 22621 (10.0.22621.3958)
OS uptime: 19 days 10:08 hours
Hyper-V role detected

CPU: total 8 (initial active 8) (4 cores per cpu, 2 threads per core) family 6 model 140 stepping 1 microcode 0x86, cx8, cmov, fxsr, ht, mmx, 3dnowpref, sse, sse2, sse3, ssse3, sse4.1, sse4.2, popcnt, lzcnt, tsc, tscinvbit, avx, avx2, aes, erms, clmul, bmi1, bmi2, adx, avx512f, avx512dq, avx512cd, avx512bw, avx512vl, sha, fma, vzeroupper, avx512_vpopcntdq, avx512_vpclmulqdq, avx512_vaes, avx512_vnni, clflush, clflushopt, clwb, avx512_vbmi2, avx512_vbmi, hv
Processor Information for processor 0
  Max Mhz: 2419, Current Mhz: 2419, Mhz Limit: 2419
Processor Information for processor 1
  Max Mhz: 2419, Current Mhz: 1209, Mhz Limit: 2419
Processor Information for processor 2
  Max Mhz: 2419, Current Mhz: 2419, Mhz Limit: 2419
Processor Information for processor 3
  Max Mhz: 2419, Current Mhz: 2419, Mhz Limit: 2419
Processor Information for processor 4
  Max Mhz: 2419, Current Mhz: 2419, Mhz Limit: 2419
Processor Information for processor 5
  Max Mhz: 2419, Current Mhz: 2419, Mhz Limit: 2419
Processor Information for processor 6
  Max Mhz: 2419, Current Mhz: 2419, Mhz Limit: 2419
Processor Information for processor 7
  Max Mhz: 2419, Current Mhz: 2419, Mhz Limit: 2419

Memory: 4k page, system-wide physical 7987M (471M free)
TotalPageFile size 32563M (AvailPageFile size 6M)
current process WorkingSet (physical memory assigned to process): 84M, peak: 234M
current process commit charge ("private bytes"): 315M, peak: 394M

vm_info: OpenJDK 64-Bit Server VM (17.0.12+7) for windows-amd64 JRE (17.0.12+7), built on Jul 16 2024 22:08:24 by "admin" with MS VC++ 16.10 / 16.11 (VS2019)

END.
